<?xml version="1.0" encoding="UTF-8"?>
<!-- Generated by org.testng.reporters.JUnitReportReporter -->
<testsuite hostname="LAPTOP-4NMHDRLO" failures="0" tests="3" name="TestNG_Keywords.enabled_Keyword" time="12.191" errors="0" timestamp="2022-10-06T16:51:45 IST" skipped="1">
  <testcase classname="TestNG_Keywords.enabled_Keyword" name="KiteLoginPageTitle" time="6.463"/>
  <system-out/>
  <testcase classname="TestNG_Keywords.enabled_Keyword" name="KiteLoginPageLogo" time="5.728"/>
  <system-out/>
  <testcase classname="TestNG_Keywords.enabled_Keyword" name="KiteLoginPageLink">
    <skipped/>
  </testcase> <!-- KiteLoginPageLink -->
  <system-out/>
</testsuite> <!-- TestNG_Keywords.enabled_Keyword -->
