<?xml version="1.0" encoding="UTF-8"?>
<!-- Generated by org.testng.reporters.JUnitReportReporter -->
<testsuite hostname="LAPTOP-4NMHDRLO" failures="0" tests="3" name="TestNG_Keywords.Priority_Keyword" time="18.622" errors="0" timestamp="2022-10-06T16:51:45 IST" skipped="0">
  <testcase classname="TestNG_Keywords.Priority_Keyword" name="KiteLoginPageTitle" time="5.237"/>
  <system-out/>
  <testcase classname="TestNG_Keywords.Priority_Keyword" name="KiteLoginPageLink" time="5.506"/>
  <system-out/>
  <testcase classname="TestNG_Keywords.Priority_Keyword" name="KiteLoginPageLogo" time="7.879"/>
  <system-out/>
</testsuite> <!-- TestNG_Keywords.Priority_Keyword -->
