<?xml version="1.0" encoding="UTF-8"?>
<!-- Generated by org.testng.reporters.JUnitReportReporter -->
<testsuite hostname="LAPTOP-4NMHDRLO" failures="0" tests="1" name="Parameterization.Test1" time="9.607" errors="0" timestamp="2022-10-09T12:28:16 IST" skipped="0">
  <testcase classname="Parameterization.Test1" name="LoginTest" time="9.607"/>
  <system-out/>
</testsuite> <!-- Parameterization.Test1 -->
