<?xml version="1.0" encoding="UTF-8"?>
<!-- Generated by org.testng.reporters.JUnitReportReporter -->
<testsuite hostname="LAPTOP-4NMHDRLO" failures="0" tests="3" name="parallelTesting.Parallel_Testing2" time="34.059" errors="0" timestamp="2022-10-09T11:49:39 IST" skipped="0">
  <testcase classname="parallelTesting.Parallel_Testing2" name="Setup1" time="13.406"/>
  <system-out/>
  <testcase classname="parallelTesting.Parallel_Testing2" name="Setup2" time="9.121"/>
  <system-out/>
  <testcase classname="parallelTesting.Parallel_Testing2" name="Setup" time="11.532"/>
  <system-out/>
</testsuite> <!-- parallelTesting.Parallel_Testing2 -->
