<?xml version="1.0" encoding="UTF-8"?>
<!-- Generated by org.testng.reporters.JUnitReportReporter -->
<testsuite hostname="LAPTOP-4NMHDRLO" failures="0" tests="1" name="TestNG_Keywords.Expectedexception" time="0.019" errors="0" timestamp="2022-10-06T16:51:45 IST" skipped="0">
  <testcase classname="TestNG_Keywords.Expectedexception" name="test" time="0.019"/>
  <system-out/>
</testsuite> <!-- TestNG_Keywords.Expectedexception -->
