<?xml version="1.0" encoding="UTF-8"?>
<!-- Generated by org.testng.reporters.JUnitReportReporter -->
<testsuite hostname="LAPTOP-4NMHDRLO" failures="0" tests="2" name="TestNG_Assertion.SoftAssert_Problem" time="20.552" errors="0" timestamp="2022-10-08T17:29:59 IST" skipped="0">
  <testcase classname="TestNG_Assertion.SoftAssert_Problem" name="Username1" time="10.866"/>
  <system-out/>
  <testcase classname="TestNG_Assertion.SoftAssert_Problem" name="Username" time="9.686"/>
  <system-out/>
</testsuite> <!-- TestNG_Assertion.SoftAssert_Problem -->
