<?xml version="1.0" encoding="UTF-8"?>
<!-- Generated by org.testng.reporters.JUnitReportReporter -->
<testsuite hostname="LAPTOP-4NMHDRLO" failures="0" tests="3" name="parallelTesting.Parallel_Testing" time="34.024" errors="0" timestamp="2022-10-09T11:49:39 IST" skipped="0">
  <testcase classname="parallelTesting.Parallel_Testing" name="Setup" time="11.503"/>
  <system-out/>
  <testcase classname="parallelTesting.Parallel_Testing" name="Setup2" time="11.491"/>
  <system-out/>
  <testcase classname="parallelTesting.Parallel_Testing" name="Setup1" time="11.030"/>
  <system-out/>
</testsuite> <!-- parallelTesting.Parallel_Testing -->
