<?xml version="1.0" encoding="UTF-8"?>
<!-- Generated by org.testng.reporters.JUnitReportReporter -->
<testsuite hostname="LAPTOP-4NMHDRLO" failures="0" tests="3" name="TestNG.testNG" time="0.023" errors="0" timestamp="2022-10-04T18:16:12 IST" skipped="0">
  <testcase classname="TestNG.testNG" name="GoogleLogo" time="0.003"/>
  <system-out/>
  <testcase classname="TestNG.testNG" name="GoogleTitle" time="0.002"/>
  <system-out/>
  <testcase classname="TestNG.testNG" name="Demo" time="0.018"/>
  <system-out/>
</testsuite> <!-- TestNG.testNG -->
